
scontrol show job 13254894
JobId=13254894 JobName=merge_bam
   UserId=nxu(3122125) GroupId=shreejoy(6036412) MCS_label=N/A
   Priority=2433923 Nice=0 Account=rrg-shreejoy QOS=normal
   JobState=COMPLETING Reason=None Dependency=(null)
   Requeue=0 Restarts=0 BatchFlag=1 Reboot=0 ExitCode=0:0
   RunTime=00:10:02 TimeLimit=05:00:00 TimeMin=N/A
   SubmitTime=2024-07-22T17:55:33 EligibleTime=2024-07-22T17:55:33
   AccrueTime=2024-07-22T17:55:33
   StartTime=2024-07-22T17:55:35 EndTime=2024-07-22T18:05:37 Deadline=N/A
   SuspendTime=None SecsPreSuspend=0 LastSchedEval=2024-07-22T17:55:35 Scheduler=Main
   Partition=compute AllocNode:Sid=nia-login01:65465
   ReqNodeList=(null) ExcNodeList=(null)
   NodeList=nia0078
   BatchHost=nia0078
   NumNodes=1 NumCPUs=80 NumTasks=1 CPUs/Task=1 ReqB:S:C:T=0:0:*:*
   ReqTRES=cpu=1,mem=175000M,node=1
   AllocTRES=cpu=80,mem=175000M,node=1,billing=40
   Socks/Node=* NtasksPerN:B:S:C=0:0:*:* CoreSpec=*
   MinCPUsNode=1 MinMemoryNode=175000M MinTmpDiskNode=0
   Features=[skylake|cascade] DelayBoot=00:00:00
   OverSubscribe=NO Contiguous=0 Licenses=(null) Network=(null)
   Command=(null)
   WorkDir=/gpfs/fs0/scratch/s/shreejoy/nxu/SFARI
   Comment=/opt/slurm/bin/sbatch --export=NONE -t 0-5:0 --nodes=1 -J merge_bam -o merge_bam.out --wrap=ls data/long_read/LUO26876.20240514/*/outputs/mapped.bam | xargs /gpfs/fs0/scratch/s/shreejoy/nxu/SFARI/envs/TALON/bin/samtools merge -o proc/merged.bam -@ 40 -f 
   StdErr=/gpfs/fs0/scratch/s/shreejoy/nxu/SFARI/merge_bam.out
   StdIn=/dev/null
   StdOut=/gpfs/fs0/scratch/s/shreejoy/nxu/SFARI/merge_bam.out
   Power=
   

sacct -j 13254894
JobID           JobName    Account    Elapsed  MaxVMSize     MaxRSS  SystemCPU    UserCPU ExitCode 
------------ ---------- ---------- ---------- ---------- ---------- ---------- ---------- -------- 
13254894      merge_bam rrg-shree+   00:10:02                         00:00:00   00:00:00      0:0 
13254894.ba+      batch rrg-shree+   00:10:02                         00:00:00   00:00:00      0:0 
13254894.ex+     extern rrg-shree+   00:10:02                         00:00:00   00:00:00      0:0 
