
scontrol show job 13262677
JobId=13262677 JobName=pigeon_filter
   UserId=nxu(3122125) GroupId=shreejoy(6036412) MCS_label=N/A
   Priority=2436360 Nice=0 Account=rrg-shreejoy QOS=normal
   JobState=COMPLETING Reason=None Dependency=(null)
   Requeue=0 Restarts=0 BatchFlag=1 Reboot=0 ExitCode=0:0
   RunTime=00:03:43 TimeLimit=05:00:00 TimeMin=N/A
   SubmitTime=2024-07-23T16:15:29 EligibleTime=2024-07-23T16:15:29
   AccrueTime=2024-07-23T16:15:29
   StartTime=2024-07-23T16:15:56 EndTime=2024-07-23T16:19:39 Deadline=N/A
   SuspendTime=None SecsPreSuspend=0 LastSchedEval=2024-07-23T16:15:56 Scheduler=Backfill
   Partition=compute AllocNode:Sid=nia-login02:160140
   ReqNodeList=(null) ExcNodeList=(null)
   NodeList=nia1669
   BatchHost=nia1669
   NumNodes=1 NumCPUs=80 NumTasks=1 CPUs/Task=1 ReqB:S:C:T=0:0:*:*
   ReqTRES=cpu=1,mem=175000M,node=1
   AllocTRES=cpu=80,mem=175000M,node=1,billing=40
   Socks/Node=* NtasksPerN:B:S:C=0:0:*:* CoreSpec=*
   MinCPUsNode=1 MinMemoryNode=175000M MinTmpDiskNode=0
   Features=[skylake|cascade] DelayBoot=00:00:00
   OverSubscribe=NO Contiguous=0 Licenses=(null) Network=(null)
   Command=(null)
   WorkDir=/gpfs/fs0/scratch/s/shreejoy/nxu/SFARI
   Comment=/opt/slurm/bin/sbatch --export=NONE -t 0-5:0 -N 1 -o pigeon_filter.out -J pigeon_filter --wrap=/gpfs/fs0/scratch/s/shreejoy/nxu/SFARI/envs/tama/bin/pigeon filter proc/merged_collapsed_classification.txt 
   StdErr=/gpfs/fs0/scratch/s/shreejoy/nxu/SFARI/pigeon_filter.out
   StdIn=/dev/null
   StdOut=/gpfs/fs0/scratch/s/shreejoy/nxu/SFARI/pigeon_filter.out
   Power=
   

sacct -j 13262677
JobID           JobName    Account    Elapsed  MaxVMSize     MaxRSS  SystemCPU    UserCPU ExitCode 
------------ ---------- ---------- ---------- ---------- ---------- ---------- ---------- -------- 
13262677     pigeon_fi+ rrg-shree+   00:03:43                         00:00:00   00:00:00      0:0 
13262677.ba+      batch rrg-shree+   00:03:43                         00:00:00   00:00:00      0:0 
13262677.ex+     extern rrg-shree+   00:03:43                         00:00:00   00:00:00      0:0 
